time=2025-09-27T11:25:14.062655Z level=ERROR msg="ERROR: could not resize shared memory segment "/PostgreSQL.3145221768" to 16777216 bytes: No space left on device (SQLSTATE 53100)"
time=2025-09-27T11:25:14.090657Z level=ERROR msg="ERROR: could not resize shared memory segment "/PostgreSQL.1663315310" to 16777216 bytes: No space left on device (SQLSTATE 53100)"
time=2025-09-27T11:26:30.02716Z level=ERROR msg="could not count sales: ERROR: operator does not exist: integer ~~* unknown (SQLSTATE 42883)"
time=2025-09-27T11:26:30.059406Z level=ERROR msg="could not count sales: ERROR: operator does not exist: integer ~~* unknown (SQLSTATE 42883)"
time=2025-09-27T11:26:30.094004Z level=ERROR msg="could not count sales: ERROR: operator does not exist: integer ~~* unknown (SQLSTATE 42883)"
time=2025-09-27T11:26:30.346378Z level=ERROR msg="could not count sales: ERROR: operator does not exist: integer ~~* unknown (SQLSTATE 42883)"
time=2025-09-27T11:26:32.531783Z level=ERROR msg="could not count sales: ERROR: operator does not exist: integer ~~* unknown (SQLSTATE 42883)"
time=2025-09-27T11:26:35.07765Z level=ERROR msg="could not count sales: ERROR: operator does not exist: integer ~~* unknown (SQLSTATE 42883)"
time=2025-09-27T11:27:38.627915Z level=ERROR msg="could not count sales: ERROR: operator does not exist: integer ~~* unknown (SQLSTATE 42883)"
time=2025-09-27T12:07:35.227842Z level=ERROR msg="could not create cart_item: ERROR: invalid input syntax for type uuid: "" (SQLSTATE 22P02)"
time=2025-09-27T12:07:43.128362Z level=ERROR msg="could not create cart_item: ERROR: invalid input syntax for type uuid: "" (SQLSTATE 22P02)"
time=2025-10-08T14:44:21.416115Z level=ERROR msg="failed to connect to `host=localhost user=pharmadev database=pharma_db`: dial error (dial tcp 127.0.0.1:5432: connect: connection refused)"
time=2025-10-08T14:45:59.40481Z level=ERROR msg="could not get sale_stats: ERROR: relation "sale_stats" does not exist (SQLSTATE 42P01)"
time=2025-10-08T14:47:43.48269Z level=ERROR msg="could not get sale_stats: ERROR: column s.total_transactions_sum does not exist (SQLSTATE 42703)"
time=2025-10-08T14:48:44.978968Z level=ERROR msg="could not get sale_stats: ERROR: column s.total_transactions_sum does not exist (SQLSTATE 42703)"
time=2025-10-13T09:21:36.460303Z level=ERROR msg="failed to connect to `host=localhost user=username database=dbname`: dial error (dial tcp [::1]:5432: connect: connection refused)"
time=2025-10-14T12:54:51.780431Z level=ERROR msg="could not get sale: ERROR: column reference "id" is ambiguous (SQLSTATE 42702)"
time=2025-10-14T12:54:53.623219Z level=ERROR msg="could not get sale: ERROR: column reference "id" is ambiguous (SQLSTATE 42702)"
time=2025-10-14T13:39:28.518756Z level=ERROR msg="could not get sale(7dc0536c-8c11-4ce4-a169-d7c08ecb4b1c) info: invalid field found for struct github.com/pharma-crm-backend/domain.Sale's field Employee: define a valid foreign key for relations or implement the Valuer/Scanner interface"
time=2025-10-14T13:39:53.803873Z level=ERROR msg="could not get sale(7dc0536c-8c11-4ce4-a169-d7c08ecb4b1c) info: invalid field found for struct github.com/pharma-crm-backend/domain.Sale's field Employee: define a valid foreign key for relations or implement the Valuer/Scanner interface"
time=2025-10-14T15:17:21.382537Z level=ERROR msg="could not count sales: model value required when using preload"
time=2025-10-14T15:20:35.818978Z level=ERROR msg="Invalid start_date format: parsing time "" as "2006-01-02T15:04:05Z07:00": cannot parse "" as "2006""
time=2025-10-14T15:20:54.22849Z level=ERROR msg="Invalid start_date format: parsing time "2025-07-01" as "2006-01-02T15:04:05Z07:00": cannot parse "" as "T""
time=2025-10-14T15:21:06.268431Z level=ERROR msg="Invalid start_date format: parsing time "2025-07-01" as "2006-01-02T15:04:05Z07:00": cannot parse "" as "T""
time=2025-10-14T15:21:33.264044Z level=ERROR msg="Invalid start_date format: parsing time "2025-07-01T00:00:00" as "2006-01-02T15:04:05Z07:00": cannot parse "" as "Z07:00""
time=2025-10-14T15:24:37.021723Z level=ERROR msg="could not parse start_date: parsing time "2025-07-01T00:00:00" as "2006-01-02T15:04:05Z07:00": cannot parse "" as "Z07:00""
time=2025-10-14T15:24:53.078121Z level=ERROR msg="could not parse start_date: parsing time "2025-07-01T00:00:00" as "2006-01-02T15:04:05Z07:00": cannot parse "" as "Z07:00""
time=2025-10-14T15:25:26.023179Z level=ERROR msg="could not parse start_date: parsing time "2025-07-01T00:00:00" as "2006-01-02T15:04:05Z07:00": cannot parse "" as "Z07:00""
time=2025-10-14T15:25:51.14188Z level=ERROR msg="could not parse start_date: parsing time "2025-07-01" as "2006-01-02T15:04:05Z07:00": cannot parse "" as "T""
time=2025-10-16T11:57:09.293648Z level=ERROR msg="could not create new customer: ERROR: syntax error at end of input (SQLSTATE 42601)"
time=2025-10-16T11:57:54.756833Z level=ERROR msg="could not create new customer: ERROR: column c.bithday does not exist (SQLSTATE 42703)"
time=2025-10-16T11:57:55.984756Z level=ERROR msg="could not create new customer: ERROR: column c.bithday does not exist (SQLSTATE 42703)"
time=2025-10-16T11:58:54.261765Z level=ERROR msg="could not create new customer: ERROR: syntax error at end of input (SQLSTATE 42601)"
time=2025-10-16T11:59:11.624868Z level=ERROR msg="could not create new customer: ERROR: column c.bithday does not exist (SQLSTATE 42703)"
time=2025-10-16T11:59:19.160522Z level=ERROR msg="could not create new customer: ERROR: column c.bithday does not exist (SQLSTATE 42703)"
time=2025-10-16T11:59:53.08811Z level=ERROR msg="could not get customer: Tag: unsupported relations for schema Customer"
time=2025-10-16T12:01:21.305687Z level=ERROR msg="could not get customer tag: ERROR: trailing junk after numeric literal at or near "31b" (SQLSTATE 42601)"
time=2025-10-16T12:01:48.106142Z level=ERROR msg="could not get customer tag: ERROR: trailing junk after numeric literal at or near "31b" (SQLSTATE 42601)"
time=2025-10-16T14:11:26.443539Z level=ERROR msg="could not get product_movements: ERROR: invalid input syntax for type uuid: "" (SQLSTATE 22P02)"
time=2025-10-18T08:28:59.292929Z level=ERROR msg="could not get store_products by product_id: ERROR: column p.unit_quantity does not exist (SQLSTATE 42703)"
time=2025-10-18T10:04:35.307835Z level=ERROR msg="could not get product by id: ERROR: relation " LEFT JOIN unit_types ut ON ut.product_id = p.id LEFT JOIN prod.id" does not exist (SQLSTATE 42P01)"
time=2025-10-18T10:06:40.487945Z level=ERROR msg="could not get product by id: ERROR: syntax error at or near "ORDER" (SQLSTATE 42601)"
time=2025-10-18T10:06:41.383949Z level=ERROR msg="could not get product by id: ERROR: syntax error at or near "ORDER" (SQLSTATE 42601)"
time=2025-10-18T10:07:02.291175Z level=ERROR msg="could not get product by id: ERROR: column ut.product_id does not exist (SQLSTATE 42703)"
time=2025-10-18T10:07:03.371526Z level=ERROR msg="could not get product by id: ERROR: column ut.product_id does not exist (SQLSTATE 42703)"
time=2025-10-18T10:07:43.998459Z level=ERROR msg="could not get product by id: ERROR: column p.is_active does not exist (SQLSTATE 42703)"
time=2025-10-18T10:08:50.466807Z level=ERROR msg="could not get product by id: ERROR: invalid reference to FROM-clause entry for table "products" (SQLSTATE 42P01)"
time=2025-10-18T10:09:30.10224Z level=ERROR msg="could not get product by id: ERROR: invalid reference to FROM-clause entry for table "products" (SQLSTATE 42P01)"
time=2025-10-18T10:10:57.817558Z level=ERROR msg="could not get product by id: ERROR: column ut.name does not exist (SQLSTATE 42703)"
time=2025-10-18T13:54:07.887551Z level=ERROR msg="could not count products: expected 3 arguments, got 4"
